This is pdfTeX, Version 3.141592653-2.6-1.40.22 (TeX Live 2021) (preloaded format=pdflatex 2021.5.31)  28 MAY 2025 12:42
entering extended mode
 restricted \write18 enabled.
 %&-line parsing enabled.
**fig5_xyz_8.tex
(./fig5_xyz_8.tex
LaTeX2e <2020-10-01> patch level 4
L3 programming layer <2021-02-18>
(/usr/local/texlive/2021/texmf-dist/tex/latex/base/minimal.cls
Document Class: minimal 2001/05/25 Standard LaTeX minimal class
) (/usr/local/texlive/2021/texmf-dist/tex/latex/base/size11.clo
File: size11.clo 2020/04/10 v1.4m Standard LaTeX file (size option)
)
(/usr/local/texlive/2021/texmf-dist/tex/latex/tools/calc.sty
Package: calc 2017/05/25 v4.3 Infix arithmetic (KKT,FJ)
\calc@Acount=\count179
\calc@Bcount=\count180
\calc@Adimen=\dimen138
\calc@Bdimen=\dimen139
\calc@Askip=\skip47
\calc@Bskip=\skip48
LaTeX Info: Redefining \setlength on input line 80.
LaTeX Info: Redefining \addtolength on input line 81.
\calc@Ccount=\count181
\calc@Cskip=\skip49
)
(/usr/local/texlive/2021/texmf-dist/tex/latex/graphics/graphicx.sty
Package: graphicx 2020/09/09 v1.2b Enhanced LaTeX Graphics (DPC,SPQR)

(/usr/local/texlive/2021/texmf-dist/tex/latex/graphics/keyval.sty
Package: keyval 2014/10/28 v1.15 key=value parser (DPC)
\KV@toks@=\toks15
)
(/usr/local/texlive/2021/texmf-dist/tex/latex/graphics/graphics.sty
Package: graphics 2020/08/30 v1.4c Standard LaTeX Graphics (DPC,SPQR)

(/usr/local/texlive/2021/texmf-dist/tex/latex/graphics/trig.sty
Package: trig 2016/01/03 v1.10 sin cos tan (DPC)
)
(/usr/local/texlive/2021/texmf-dist/tex/latex/graphics-cfg/graphics.cfg
File: graphics.cfg 2016/06/04 v1.11 sample graphics configuration
)
Package graphics Info: Driver file: pdftex.def on input line 105.

(/usr/local/texlive/2021/texmf-dist/tex/latex/graphics-def/pdftex.def
File: pdftex.def 2020/10/05 v1.2a Graphics/color driver for pdftex
))
\Gin@req@height=\dimen140
\Gin@req@width=\dimen141
)
(/usr/local/texlive/2021/texmf-dist/tex/latex/graphics/color.sty
Package: color 2020/02/24 v1.2b Standard LaTeX Color (DPC)

(/usr/local/texlive/2021/texmf-dist/tex/latex/graphics-cfg/color.cfg
File: color.cfg 2016/01/02 v1.6 sample color configuration
)
Package color Info: Driver file: pdftex.def on input line 147.
)
(/usr/local/texlive/2021/texmf-dist/tex/latex/geometry/geometry.sty
Package: geometry 2020/01/02 v5.9 Page Geometry

(/usr/local/texlive/2021/texmf-dist/tex/generic/iftex/ifvtex.sty
Package: ifvtex 2019/10/25 v1.7 ifvtex legacy package. Use iftex instead.

(/usr/local/texlive/2021/texmf-dist/tex/generic/iftex/iftex.sty
Package: iftex 2020/03/06 v1.0d TeX engine tests
))
\Gm@cnth=\count182
\Gm@cntv=\count183
\c@Gm@tempcnt=\count184
\Gm@bindingoffset=\dimen142
\Gm@wd@mp=\dimen143
\Gm@odd@mp=\dimen144
\Gm@even@mp=\dimen145
\Gm@layoutwidth=\dimen146
\Gm@layoutheight=\dimen147
\Gm@layouthoffset=\dimen148
\Gm@layoutvoffset=\dimen149
\Gm@dimlist=\toks16
)
No configuration file gnuplot.cfg found.
(/usr/local/texlive/2021/texmf-dist/tex/latex/l3backend/l3backend-pdftex.def
File: l3backend-pdftex.def 2021-03-18 L3 backend support: PDF output (pdfTeX)
\l__color_backend_stack_int=\count185
\l__pdf_internal_box=\box47
)
(./fig5_xyz_8.aux)
\openout1 = `fig5_xyz_8.aux'.

LaTeX Font Info:    Checking defaults for OML/cmm/m/it on input line 59.
LaTeX Font Info:    ... okay on input line 59.
LaTeX Font Info:    Checking defaults for OMS/cmsy/m/n on input line 59.
LaTeX Font Info:    ... okay on input line 59.
LaTeX Font Info:    Checking defaults for OT1/cmr/m/n on input line 59.
LaTeX Font Info:    ... okay on input line 59.
LaTeX Font Info:    Checking defaults for T1/cmr/m/n on input line 59.
LaTeX Font Info:    ... okay on input line 59.
LaTeX Font Info:    Checking defaults for TS1/cmr/m/n on input line 59.
LaTeX Font Info:    ... okay on input line 59.
LaTeX Font Info:    Checking defaults for OMX/cmex/m/n on input line 59.
LaTeX Font Info:    ... okay on input line 59.
LaTeX Font Info:    Checking defaults for U/cmr/m/n on input line 59.
LaTeX Font Info:    ... okay on input line 59.

(/usr/local/texlive/2021/texmf-dist/tex/context/base/mkii/supp-pdf.mkii
[Loading MPS to PDF converter (version 2006.09.02).]
\scratchcounter=\count186
\scratchdimen=\dimen150
\scratchbox=\box48
\nofMPsegments=\count187
\nofMParguments=\count188
\everyMPshowfont=\toks17
\MPscratchCnt=\count189
\MPscratchDim=\dimen151
\MPnumerator=\count190
\makeMPintoPDFobject=\count191
\everyMPtoPDFconversion=\toks18
) (/usr/local/texlive/2021/texmf-dist/tex/latex/epstopdf-pkg/epstopdf-base.sty
Package: epstopdf-base 2020-01-24 v2.11 Base part for package epstopdf
Package epstopdf-base Info: Redefining graphics rule for `.eps' on input line 4
85.

(/usr/local/texlive/2021/texmf-dist/tex/latex/latexconfig/epstopdf-sys.cfg
File: epstopdf-sys.cfg 2010/07/13 v1.3 Configuration of (r)epstopdf for TeX Liv
e
))
*geometry* detected driver: pdftex
*geometry* verbose mode - [ preamble ] result:
* driver: pdftex
* paper: custom
* layout: <same size as paper>
* layoutoffset:(h,v)=(0.0pt,0.0pt)
* modes: 
* h-part:(L,W,R)=(0.0pt, 433.62pt, 0.0pt)
* v-part:(T,H,B)=(0.0pt, 289.07999pt, 0.0pt)
* \paperwidth=433.62pt
* \paperheight=289.07999pt
* \textwidth=433.62pt
* \textheight=289.07999pt
* \oddsidemargin=-72.26999pt
* \evensidemargin=-72.26999pt
* \topmargin=-109.26999pt
* \headheight=12.0pt
* \headsep=25.0pt
* \topskip=11.0pt
* \footskip=30.0pt
* \marginparwidth=4.0pt
* \marginparsep=10.0pt
* \columnsep=0.0pt
* \skip\footins=10.0pt plus 4.0pt minus 2.0pt
* \hoffset=0.0pt
* \voffset=0.0pt
* \mag=1000
* \@twocolumnfalse
* \@twosidefalse
* \@mparswitchfalse
* \@reversemarginfalse
* (1in=72.27pt=25.4mm, 1cm=28.453pt)

\gptboxheight=\skip50
\gptboxwidth=\skip51
\gptboxtext=\box49
LaTeX Font Info:    External font `cmex10' loaded for size
(Font)              <14.4> on input line 164.
LaTeX Font Info:    External font `cmex10' loaded for size
(Font)              <7> on input line 164.
LaTeX Font Info:    External font `cmex10' loaded for size
(Font)              <20.74> on input line 164.
LaTeX Font Info:    External font `cmex10' loaded for size
(Font)              <12> on input line 164.
Package epstopdf Info: Source file: <fig5_xyz_8-inc.eps>
(epstopdf)                    date: 2025-05-28 12:41:38
(epstopdf)                    size: 23312 bytes
(epstopdf)             Output file: <fig5_xyz_8-inc-eps-converted-to.pdf>
(epstopdf)                    date: 2025-05-28 12:41:45
(epstopdf)                    size: 5141 bytes
(epstopdf)             Command: <repstopdf --outfile=fig5_xyz_8-inc-eps-convert
ed-to.pdf fig5_xyz_8-inc.eps>
(epstopdf)             \includegraphics on input line 165.
Package epstopdf Info: Output file is already uptodate.
<fig5_xyz_8-inc-eps-converted-to.pdf, id=1, 433.62pt x 289.08pt>
File: fig5_xyz_8-inc-eps-converted-to.pdf Graphic file (type pdf)
<use fig5_xyz_8-inc-eps-converted-to.pdf>
Package pdftex.def Info: fig5_xyz_8-inc-eps-converted-to.pdf  used on input lin
e 165.
(pdftex.def)             Requested size: 433.63878pt x 289.09251pt.
LaTeX Font Info:    External font `cmex10' loaded for size
(Font)              <17.28> on input line 166.
[1{/usr/local/texlive/2021/texmf-var/fonts/map/pdftex/updmap/pdftex.map} <./fig
5_xyz_8-inc-eps-converted-to.pdf>] (./fig5_xyz_8.aux) ) 
Here is how much of TeX's memory you used:
 1722 strings out of 478994
 26703 string characters out of 5858184
 319309 words of memory out of 5000000
 19219 multiletter control sequences out of 15000+600000
 407384 words of font info for 40 fonts, out of 8000000 for 9000
 1141 hyphenation exceptions out of 8191
 68i,6n,74p,205b,221s stack positions out of 5000i,500n,10000p,200000b,80000s
</usr/local/texlive/2021
/texmf-dist/fonts/type1/public/amsfonts/cm/cmex10.pfb></usr/local/texlive/2021/
texmf-dist/fonts/type1/public/amsfonts/cm/cmmi12.pfb></usr/local/texlive/2021/t
exmf-dist/fonts/type1/public/amsfonts/cm/cmr12.pfb></usr/local/texlive/2021/tex
mf-dist/fonts/type1/public/amsfonts/cm/cmr17.pfb>
Output written on fig5_xyz_8.pdf (1 page, 38000 bytes).
PDF statistics:
 26 PDF objects out of 1000 (max. 8388607)
 17 compressed objects within 1 object stream
 0 named destinations out of 1000 (max. 500000)
 6 words of extra memory for PDF output out of 10000 (max. 10000000)

